# JRE version: Java(TM) SE Runtime Environment (19.0+36) (build 19+36-2238)
# Java VM: Java HotSpot(TM) 64-Bit Server VM (19+36-2238, mixed mode, emulated-client, sharing, tiered, compressed oops, compressed class ptrs, g1 gc, windows-amd64)
GC Precious Log:
 CardTable entry size: 512
 Card Set container configuration: InlinePtr #cards 5 size 8 Array Of Cards #cards 12 size 40 Howl #buckets 4 coarsen threshold 1843 Howl Bitmap #cards 512 size 80 coarsen threshold 460 Card regions per heap region 1 cards per card region 2048
 CPUs: 4 total, 4 available
 Memory: 3790M
 Large Page Support: Disabled
 NUMA Support: Disabled
 Compressed Oops: Enabled (32-bit)
 Heap Region Size: 1M
 Heap Min Capacity: 8M
 Heap Initial Capacity: 60M
 Heap Max Capacity: 948M
 Pre-touch: Disabled
 Parallel Workers: 4
 Concurrent Workers: 1
 Concurrent Refinement Workers: 4
 Periodic GC: Disabled
Heap:
 garbage-first heap   total 51200K, used 29619K [0x00000000c4c00000, 0x0000000100000000)
  region size 1024K, 11 young (11264K), 3 survivors (3072K)
 Metaspace       used 47120K, committed 47552K, reserved 1114112K
  class space    used 6515K, committed 6720K, reserved 1048576K
GC Heap History (20 events):
Event: 5.449 GC heap before
{Heap before GC invocations=3 (full 0):
 garbage-first heap   total 61440K, used 38006K [0x00000000c4c00000, 0x0000000100000000)
  region size 1024K, 33 young (33792K), 3 survivors (3072K)
 Metaspace       used 15544K, committed 15872K, reserved 1114112K
  class space    used 2032K, committed 2176K, reserved 1048576K
}
Event: 5.455 GC heap after
{Heap after GC invocations=4 (full 0):
 garbage-first heap   total 61440K, used 10138K [0x00000000c4c00000, 0x0000000100000000)
  region size 1024K, 4 young (4096K), 4 survivors (4096K)
 Metaspace       used 15544K, committed 15872K, reserved 1114112K
  class space    used 2032K, committed 2176K, reserved 1048576K
}
Event: 8.143 GC heap before
{Heap before GC invocations=4 (full 0):
 garbage-first heap   total 61440K, used 42906K [0x00000000c4c00000, 0x0000000100000000)
  region size 1024K, 36 young (36864K), 4 survivors (4096K)
 Metaspace       used 20705K, committed 20992K, reserved 1114112K
  class space    used 2830K, committed 2944K, reserved 1048576K
}
Event: 8.153 GC heap after
{Heap after GC invocations=5 (full 0):
 garbage-first heap   total 61440K, used 13125K [0x00000000c4c00000, 0x0000000100000000)
  region size 1024K, 5 young (5120K), 5 survivors (5120K)
 Metaspace       used 20705K, committed 20992K, reserved 1114112K
  class space    used 2830K, committed 2944K, reserved 1048576K
}
Event: 8.275 GC heap before
{Heap before GC invocations=5 (full 0):
 garbage-first heap   total 61440K, used 15173K [0x00000000c4c00000, 0x0000000100000000)
  region size 1024K, 8 young (8192K), 5 survivors (5120K)
 Metaspace       used 21197K, committed 21504K, reserved 1114112K
  class space    used 2898K, committed 3072K, reserved 1048576K
}
Event: 8.285 GC heap after
{Heap after GC invocations=6 (full 0):
 garbage-first heap   total 61440K, used 13717K [0x00000000c4c00000, 0x0000000100000000)
  region size 1024K, 1 young (1024K), 1 survivors (1024K)
 Metaspace       used 21197K, committed 21504K, reserved 1114112K
  class space    used 2898K, committed 3072K, reserved 1048576K
}
Event: 13.802 GC heap before
{Heap before GC invocations=7 (full 0):
 garbage-first heap   total 51200K, used 43413K [0x00000000c4c00000, 0x0000000100000000)
  region size 1024K, 30 young (30720K), 1 survivors (1024K)
 Metaspace       used 27176K, committed 27520K, reserved 1114112K
  class space    used 3617K, committed 3776K, reserved 1048576K
}
Event: 13.816 GC heap after
{Heap after GC invocations=8 (full 0):
 garbage-first heap   total 51200K, used 15830K [0x00000000c4c00000, 0x0000000100000000)
  region size 1024K, 3 young (3072K), 3 survivors (3072K)
 Metaspace       used 27176K, committed 27520K, reserved 1114112K
  class space    used 3617K, committed 3776K, reserved 1048576K
}
Event: 13.958 GC heap before
{Heap before GC invocations=8 (full 0):
 garbage-first heap   total 51200K, used 16854K [0x00000000c4c00000, 0x0000000100000000)
  region size 1024K, 4 young (4096K), 3 survivors (3072K)
 Metaspace       used 27573K, committed 27904K, reserved 1114112K
  class space    used 3679K, committed 3840K, reserved 1048576K
}
Event: 13.963 GC heap after
{Heap after GC invocations=9 (full 0):
 garbage-first heap   total 51200K, used 16030K [0x00000000c4c00000, 0x0000000100000000)
  region size 1024K, 1 young (1024K), 1 survivors (1024K)
 Metaspace       used 27573K, committed 27904K, reserved 1114112K
  class space    used 3679K, committed 3840K, reserved 1048576K
}
Event: 17.111 GC heap before
{Heap before GC invocations=9 (full 0):
 garbage-first heap   total 51200K, used 36510K [0x00000000c4c00000, 0x0000000100000000)
  region size 1024K, 22 young (22528K), 1 survivors (1024K)
 Metaspace       used 34350K, committed 34752K, reserved 1114112K
  class space    used 4662K, committed 4864K, reserved 1048576K
}
Event: 17.116 GC heap after
{Heap after GC invocations=10 (full 0):
 garbage-first heap   total 51200K, used 17424K [0x00000000c4c00000, 0x0000000100000000)
  region size 1024K, 2 young (2048K), 2 survivors (2048K)
 Metaspace       used 34350K, committed 34752K, reserved 1114112K
  class space    used 4662K, committed 4864K, reserved 1048576K
}
Event: 17.985 GC heap before
{Heap before GC invocations=10 (full 0):
 garbage-first heap   total 51200K, used 23568K [0x00000000c4c00000, 0x0000000100000000)
  region size 1024K, 9 young (9216K), 2 survivors (2048K)
 Metaspace       used 35942K, committed 36288K, reserved 1114112K
  class space    used 4889K, committed 5056K, reserved 1048576K
}
Event: 17.992 GC heap after
{Heap after GC invocations=11 (full 0):
 garbage-first heap   total 51200K, used 18290K [0x00000000c4c00000, 0x0000000100000000)
  region size 1024K, 1 young (1024K), 1 survivors (1024K)
 Metaspace       used 35942K, committed 36288K, reserved 1114112K
  class space    used 4889K, committed 5056K, reserved 1048576K
}
Event: 19.376 GC heap before
{Heap before GC invocations=12 (full 0):
 garbage-first heap   total 51200K, used 37746K [0x00000000c4c00000, 0x0000000100000000)
  region size 1024K, 21 young (21504K), 1 survivors (1024K)
 Metaspace       used 41216K, committed 41664K, reserved 1114112K
  class space    used 5709K, committed 5888K, reserved 1048576K
}
Event: 19.379 GC heap after
{Heap after GC invocations=13 (full 0):
 garbage-first heap   total 51200K, used 19357K [0x00000000c4c00000, 0x0000000100000000)
  region size 1024K, 2 young (2048K), 2 survivors (2048K)
 Metaspace       used 41216K, committed 41664K, reserved 1114112K
  class space    used 5709K, committed 5888K, reserved 1048576K
}
Event: 37.277 GC heap before
{Heap before GC invocations=13 (full 0):
 garbage-first heap   total 51200K, used 39837K [0x00000000c4c00000, 0x0000000100000000)
  region size 1024K, 22 young (22528K), 2 survivors (2048K)
 Metaspace       used 44745K, committed 45120K, reserved 1114112K
  class space    used 6178K, committed 6336K, reserved 1048576K
}
Event: 37.596 GC heap after
{Heap after GC invocations=14 (full 0):
 garbage-first heap   total 51200K, used 20965K [0x00000000c4c00000, 0x0000000100000000)
  region size 1024K, 3 young (3072K), 3 survivors (3072K)
 Metaspace       used 44745K, committed 45120K, reserved 1114112K
  class space    used 6178K, committed 6336K, reserved 1048576K
}
Event: 216.375 GC heap before
{Heap before GC invocations=14 (full 0):
 garbage-first heap   total 51200K, used 39397K [0x00000000c4c00000, 0x0000000100000000)
  region size 1024K, 21 young (21504K), 3 survivors (3072K)
 Metaspace       used 46383K, committed 46848K, reserved 1114112K
  class space    used 6414K, committed 6592K, reserved 1048576K
}
Event: 216.479 GC heap after
{Heap after GC invocations=15 (full 0):
 garbage-first heap   total 51200K, used 22451K [0x00000000c4c00000, 0x0000000100000000)
  region size 1024K, 3 young (3072K), 3 survivors (3072K)
 Metaspace       used 46383K, committed 46848K, reserved 1114112K
  class space    used 6414K, committed 6592K, reserved 1048576K
}

